# JRE version: Java(TM) SE Runtime Environment (20.0+36) (build 20+36-2344)
# Java VM: Java HotSpot(TM) 64-Bit Server VM (20+36-2344, mixed mode, sharing, tiered, compressed oops, compressed class ptrs, parallel gc, windows-amd64)
GC Precious Log:
 CardTable entry size: 512
 CPUs: 4 total, 4 available
 Memory: 3891M
 Large Page Support: Disabled
 NUMA Support: Disabled
 Compressed Oops: Enabled (32-bit)
 Alignments: Space 512K, Generation 512K, Heap 2M
 Heap Min Capacity: 100M
 Heap Initial Capacity: 100M
 Heap Max Capacity: 1G
 Pre-touch: Disabled
 Parallel Workers: 4
Heap:
 PSYoungGen      total 20992K, used 20487K [0x00000000eab00000, 0x00000000ec200000, 0x0000000100000000)
  eden space 18944K, 100% used [0x00000000eab00000,0x00000000ebd80000,0x00000000ebd80000)
  from space 2048K, 75% used [0x00000000ec000000,0x00000000ec181c78,0x00000000ec200000)
  to   space 2048K, 83% used [0x00000000ebe00000,0x00000000ebfa9150,0x00000000ec000000)
 ParOldGen       total 136704K, used 127551K [0x00000000c0000000, 0x00000000c8580000, 0x00000000eab00000)
  object space 136704K, 93% used [0x00000000c0000000,0x00000000c7c8fc50,0x00000000c8580000)
 Metaspace       used 80509K, committed 81856K, reserved 1179648K
  class space    used 7540K, committed 8192K, reserved 1048576K
GC Heap History (20 events):
Event: 4260.714 GC heap before
{Heap before GC invocations=8645 (full 176):
 PSYoungGen      total 19456K, used 19095K [0x00000000eab00000, 0x00000000ec100000, 0x0000000100000000)
  eden space 16384K, 99% used [0x00000000eab00000,0x00000000ebadff68,0x00000000ebb00000)
  from space 3072K, 92% used [0x00000000ebe00000,0x00000000ec0c5e50,0x00000000ec100000)
  to   space 3072K, 0% used [0x00000000ebb00000,0x00000000ebb00000,0x00000000ebe00000)
 ParOldGen       total 136704K, used 120978K [0x00000000c0000000, 0x00000000c8580000, 0x00000000eab00000)
  object space 136704K, 88% used [0x00000000c0000000,0x00000000c7624a10,0x00000000c8580000)
 Metaspace       used 80508K, committed 81856K, reserved 1179648K
  class space    used 7540K, committed 8192K, reserved 1048576K
}
Event: 4260.717 GC heap after
{Heap after GC invocations=8645 (full 176):
 PSYoungGen      total 19456K, used 2695K [0x00000000eab00000, 0x00000000ec280000, 0x0000000100000000)
  eden space 16384K, 0% used [0x00000000eab00000,0x00000000eab00000,0x00000000ebb00000)
  from space 3072K, 87% used [0x00000000ebb00000,0x00000000ebda1e40,0x00000000ebe00000)
  to   space 3072K, 0% used [0x00000000ebf80000,0x00000000ebf80000,0x00000000ec280000)
 ParOldGen       total 136704K, used 120978K [0x00000000c0000000, 0x00000000c8580000, 0x00000000eab00000)
  object space 136704K, 88% used [0x00000000c0000000,0x00000000c7624a10,0x00000000c8580000)
 Metaspace       used 80508K, committed 81856K, reserved 1179648K
  class space    used 7540K, committed 8192K, reserved 1048576K
}
Event: 4260.768 GC heap before
{Heap before GC invocations=8646 (full 176):
 PSYoungGen      total 19456K, used 18992K [0x00000000eab00000, 0x00000000ec280000, 0x0000000100000000)
  eden space 16384K, 99% used [0x00000000eab00000,0x00000000ebaea328,0x00000000ebb00000)
  from space 3072K, 87% used [0x00000000ebb00000,0x00000000ebda1e40,0x00000000ebe00000)
  to   space 3072K, 0% used [0x00000000ebf80000,0x00000000ebf80000,0x00000000ec280000)
 ParOldGen       total 136704K, used 120978K [0x00000000c0000000, 0x00000000c8580000, 0x00000000eab00000)
  object space 136704K, 88% used [0x00000000c0000000,0x00000000c7624a10,0x00000000c8580000)
 Metaspace       used 80508K, committed 81856K, reserved 1179648K
  class space    used 7540K, committed 8192K, reserved 1048576K
}
Event: 4260.772 GC heap after
{Heap after GC invocations=8646 (full 176):
 PSYoungGen      total 20480K, used 3054K [0x00000000eab00000, 0x00000000ec380000, 0x0000000100000000)
  eden space 17408K, 0% used [0x00000000eab00000,0x00000000eab00000,0x00000000ebc00000)
  from space 3072K, 99% used [0x00000000ebf80000,0x00000000ec27bab8,0x00000000ec280000)
  to   space 3584K, 0% used [0x00000000ebc00000,0x00000000ebc00000,0x00000000ebf80000)
 ParOldGen       total 136704K, used 121350K [0x00000000c0000000, 0x00000000c8580000, 0x00000000eab00000)
  object space 136704K, 88% used [0x00000000c0000000,0x00000000c7681b60,0x00000000c8580000)
 Metaspace       used 80508K, committed 81856K, reserved 1179648K
  class space    used 7540K, committed 8192K, reserved 1048576K
}
Event: 4260.838 GC heap before
{Heap before GC invocations=8647 (full 176):
 PSYoungGen      total 20480K, used 19565K [0x00000000eab00000, 0x00000000ec380000, 0x0000000100000000)
  eden space 17408K, 94% used [0x00000000eab00000,0x00000000ebb1f978,0x00000000ebc00000)
  from space 3072K, 99% used [0x00000000ebf80000,0x00000000ec27bab8,0x00000000ec280000)
  to   space 3584K, 0% used [0x00000000ebc00000,0x00000000ebc00000,0x00000000ebf80000)
 ParOldGen       total 136704K, used 121350K [0x00000000c0000000, 0x00000000c8580000, 0x00000000eab00000)
  object space 136704K, 88% used [0x00000000c0000000,0x00000000c7681b60,0x00000000c8580000)
 Metaspace       used 80509K, committed 81856K, reserved 1179648K
  class space    used 7540K, committed 8192K, reserved 1048576K
}
Event: 4260.841 GC heap after
{Heap after GC invocations=8647 (full 176):
 PSYoungGen      total 20992K, used 1762K [0x00000000eab00000, 0x00000000ec200000, 0x0000000100000000)
  eden space 17408K, 0% used [0x00000000eab00000,0x00000000eab00000,0x00000000ebc00000)
  from space 3584K, 49% used [0x00000000ebc00000,0x00000000ebdb8888,0x00000000ebf80000)
  to   space 2560K, 0% used [0x00000000ebf80000,0x00000000ebf80000,0x00000000ec200000)
 ParOldGen       total 136704K, used 121350K [0x00000000c0000000, 0x00000000c8580000, 0x00000000eab00000)
  object space 136704K, 88% used [0x00000000c0000000,0x00000000c7681b60,0x00000000c8580000)
 Metaspace       used 80509K, committed 81856K, reserved 1179648K
  class space    used 7540K, committed 8192K, reserved 1048576K
}
Event: 4260.919 GC heap before
{Heap before GC invocations=8648 (full 176):
 PSYoungGen      total 20992K, used 19170K [0x00000000eab00000, 0x00000000ec200000, 0x0000000100000000)
  eden space 17408K, 100% used [0x00000000eab00000,0x00000000ebc00000,0x00000000ebc00000)
  from space 3584K, 49% used [0x00000000ebc00000,0x00000000ebdb8888,0x00000000ebf80000)
  to   space 2560K, 0% used [0x00000000ebf80000,0x00000000ebf80000,0x00000000ec200000)
 ParOldGen       total 136704K, used 121350K [0x00000000c0000000, 0x00000000c8580000, 0x00000000eab00000)
  object space 136704K, 88% used [0x00000000c0000000,0x00000000c7681b60,0x00000000c8580000)
 Metaspace       used 80509K, committed 81856K, reserved 1179648K
  class space    used 7540K, committed 8192K, reserved 1048576K
}
Event: 4260.922 GC heap after
{Heap after GC invocations=8648 (full 176):
 PSYoungGen      total 19968K, used 2535K [0x00000000eab00000, 0x00000000ec400000, 0x0000000100000000)
  eden space 17408K, 0% used [0x00000000eab00000,0x00000000eab00000,0x00000000ebc00000)
  from space 2560K, 99% used [0x00000000ebf80000,0x00000000ec1f9e40,0x00000000ec200000)
  to   space 3584K, 0% used [0x00000000ebc00000,0x00000000ebc00000,0x00000000ebf80000)
 ParOldGen       total 136704K, used 121845K [0x00000000c0000000, 0x00000000c8580000, 0x00000000eab00000)
  object space 136704K, 89% used [0x00000000c0000000,0x00000000c76fd4a0,0x00000000c8580000)
 Metaspace       used 80509K, committed 81856K, reserved 1179648K
  class space    used 7540K, committed 8192K, reserved 1048576K
}
Event: 4260.991 GC heap before
{Heap before GC invocations=8649 (full 176):
 PSYoungGen      total 19968K, used 19840K [0x00000000eab00000, 0x00000000ec400000, 0x0000000100000000)
  eden space 17408K, 99% used [0x00000000eab00000,0x00000000ebbe64c8,0x00000000ebc00000)
  from space 2560K, 99% used [0x00000000ebf80000,0x00000000ec1f9e40,0x00000000ec200000)
  to   space 3584K, 0% used [0x00000000ebc00000,0x00000000ebc00000,0x00000000ebf80000)
 ParOldGen       total 136704K, used 121845K [0x00000000c0000000, 0x00000000c8580000, 0x00000000eab00000)
  object space 136704K, 89% used [0x00000000c0000000,0x00000000c76fd4a0,0x00000000c8580000)
 Metaspace       used 80509K, committed 81856K, reserved 1179648K
  class space    used 7540K, committed 8192K, reserved 1048576K
}
Event: 4260.994 GC heap after
{Heap after GC invocations=8649 (full 176):
 PSYoungGen      total 18432K, used 960K [0x00000000eab00000, 0x00000000ec100000, 0x0000000100000000)
  eden space 17408K, 0% used [0x00000000eab00000,0x00000000eab00000,0x00000000ebc00000)
  from space 1024K, 93% used [0x00000000ebc00000,0x00000000ebcf0000,0x00000000ebd00000)
  to   space 2048K, 0% used [0x00000000ebf00000,0x00000000ebf00000,0x00000000ec100000)
 ParOldGen       total 136704K, used 122269K [0x00000000c0000000, 0x00000000c8580000, 0x00000000eab00000)
  object space 136704K, 89% used [0x00000000c0000000,0x00000000c77674a0,0x00000000c8580000)
 Metaspace       used 80509K, committed 81856K, reserved 1179648K
  class space    used 7540K, committed 8192K, reserved 1048576K
}
Event: 4261.039 GC heap before
{Heap before GC invocations=8650 (full 176):
 PSYoungGen      total 18432K, used 18367K [0x00000000eab00000, 0x00000000ec100000, 0x0000000100000000)
  eden space 17408K, 99% used [0x00000000eab00000,0x00000000ebbfff80,0x00000000ebc00000)
  from space 1024K, 93% used [0x00000000ebc00000,0x00000000ebcf0000,0x00000000ebd00000)
  to   space 2048K, 0% used [0x00000000ebf00000,0x00000000ebf00000,0x00000000ec100000)
 ParOldGen       total 136704K, used 122269K [0x00000000c0000000, 0x00000000c8580000, 0x00000000eab00000)
  object space 136704K, 89% used [0x00000000c0000000,0x00000000c77674a0,0x00000000c8580000)
 Metaspace       used 80509K, committed 81856K, reserved 1179648K
  class space    used 7540K, committed 8192K, reserved 1048576K
}
Event: 4261.043 GC heap after
{Heap after GC invocations=8650 (full 176):
 PSYoungGen      total 16384K, used 2037K [0x00000000eab00000, 0x00000000ec900000, 0x0000000100000000)
  eden space 14336K, 0% used [0x00000000eab00000,0x00000000eab00000,0x00000000eb900000)
  from space 2048K, 99% used [0x00000000ebf00000,0x00000000ec0fd650,0x00000000ec100000)
  to   space 6144K, 0% used [0x00000000eb900000,0x00000000eb900000,0x00000000ebf00000)
 ParOldGen       total 136704K, used 125469K [0x00000000c0000000, 0x00000000c8580000, 0x00000000eab00000)
  object space 136704K, 91% used [0x00000000c0000000,0x00000000c7a877a0,0x00000000c8580000)
 Metaspace       used 80509K, committed 81856K, reserved 1179648K
  class space    used 7540K, committed 8192K, reserved 1048576K
}
Event: 4261.082 GC heap before
{Heap before GC invocations=8651 (full 176):
 PSYoungGen      total 16384K, used 16373K [0x00000000eab00000, 0x00000000ec900000, 0x0000000100000000)
  eden space 14336K, 100% used [0x00000000eab00000,0x00000000eb900000,0x00000000eb900000)
  from space 2048K, 99% used [0x00000000ebf00000,0x00000000ec0fd650,0x00000000ec100000)
  to   space 6144K, 0% used [0x00000000eb900000,0x00000000eb900000,0x00000000ebf00000)
 ParOldGen       total 136704K, used 125469K [0x00000000c0000000, 0x00000000c8580000, 0x00000000eab00000)
  object space 136704K, 91% used [0x00000000c0000000,0x00000000c7a877a0,0x00000000c8580000)
 Metaspace       used 80509K, committed 81856K, reserved 1179648K
  class space    used 7540K, committed 8192K, reserved 1048576K
}
Event: 4261.087 GC heap after
{Heap after GC invocations=8651 (full 176):
 PSYoungGen      total 17920K, used 3320K [0x00000000eab00000, 0x00000000ec200000, 0x0000000100000000)
  eden space 14336K, 0% used [0x00000000eab00000,0x00000000eab00000,0x00000000eb900000)
  from space 3584K, 92% used [0x00000000eb900000,0x00000000ebc3e340,0x00000000ebc80000)
  to   space 4096K, 0% used [0x00000000ebe00000,0x00000000ebe00000,0x00000000ec200000)
 ParOldGen       total 136704K, used 125812K [0x00000000c0000000, 0x00000000c8580000, 0x00000000eab00000)
  object space 136704K, 92% used [0x00000000c0000000,0x00000000c7add1e0,0x00000000c8580000)
 Metaspace       used 80509K, committed 81856K, reserved 1179648K
  class space    used 7540K, committed 8192K, reserved 1048576K
}
Event: 4261.125 GC heap before
{Heap before GC invocations=8652 (full 176):
 PSYoungGen      total 17920K, used 16389K [0x00000000eab00000, 0x00000000ec200000, 0x0000000100000000)
  eden space 14336K, 91% used [0x00000000eab00000,0x00000000eb7c31e8,0x00000000eb900000)
  from space 3584K, 92% used [0x00000000eb900000,0x00000000ebc3e340,0x00000000ebc80000)
  to   space 4096K, 0% used [0x00000000ebe00000,0x00000000ebe00000,0x00000000ec200000)
 ParOldGen       total 136704K, used 125812K [0x00000000c0000000, 0x00000000c8580000, 0x00000000eab00000)
  object space 136704K, 92% used [0x00000000c0000000,0x00000000c7add1e0,0x00000000c8580000)
 Metaspace       used 80509K, committed 81856K, reserved 1179648K
  class space    used 7540K, committed 8192K, reserved 1048576K
}
Event: 4261.133 GC heap after
{Heap after GC invocations=8652 (full 176):
 PSYoungGen      total 19456K, used 3283K [0x00000000eab00000, 0x00000000ec180000, 0x0000000100000000)
  eden space 15872K, 0% used [0x00000000eab00000,0x00000000eab00000,0x00000000eba80000)
  from space 3584K, 91% used [0x00000000ebe00000,0x00000000ec134c08,0x00000000ec180000)
  to   space 3584K, 0% used [0x00000000eba80000,0x00000000eba80000,0x00000000ebe00000)
 ParOldGen       total 136704K, used 125812K [0x00000000c0000000, 0x00000000c8580000, 0x00000000eab00000)
  object space 136704K, 92% used [0x00000000c0000000,0x00000000c7add1e0,0x00000000c8580000)
 Metaspace       used 80509K, committed 81856K, reserved 1179648K
  class space    used 7540K, committed 8192K, reserved 1048576K
}
Event: 4261.167 GC heap before
{Heap before GC invocations=8653 (full 176):
 PSYoungGen      total 19456K, used 18948K [0x00000000eab00000, 0x00000000ec180000, 0x0000000100000000)
  eden space 15872K, 98% used [0x00000000eab00000,0x00000000eba4c7a8,0x00000000eba80000)
  from space 3584K, 91% used [0x00000000ebe00000,0x00000000ec134c08,0x00000000ec180000)
  to   space 3584K, 0% used [0x00000000eba80000,0x00000000eba80000,0x00000000ebe00000)
 ParOldGen       total 136704K, used 125812K [0x00000000c0000000, 0x00000000c8580000, 0x00000000eab00000)
  object space 136704K, 92% used [0x00000000c0000000,0x00000000c7add1e0,0x00000000c8580000)
 Metaspace       used 80509K, committed 81856K, reserved 1179648K
  class space    used 7540K, committed 8192K, reserved 1048576K
}
Event: 4261.170 GC heap after
{Heap after GC invocations=8653 (full 176):
 PSYoungGen      total 19456K, used 3054K [0x00000000eab00000, 0x00000000ec300000, 0x0000000100000000)
  eden space 15872K, 0% used [0x00000000eab00000,0x00000000eab00000,0x00000000eba80000)
  from space 3584K, 85% used [0x00000000eba80000,0x00000000ebd7bab8,0x00000000ebe00000)
  to   space 3584K, 0% used [0x00000000ebf80000,0x00000000ebf80000,0x00000000ec300000)
 ParOldGen       total 136704K, used 125812K [0x00000000c0000000, 0x00000000c8580000, 0x00000000eab00000)
  object space 136704K, 92% used [0x00000000c0000000,0x00000000c7add1e0,0x00000000c8580000)
 Metaspace       used 80509K, committed 81856K, reserved 1179648K
  class space    used 7540K, committed 8192K, reserved 1048576K
}
Event: 4261.218 GC heap before
{Heap before GC invocations=8654 (full 176):
 PSYoungGen      total 19456K, used 18926K [0x00000000eab00000, 0x00000000ec300000, 0x0000000100000000)
  eden space 15872K, 100% used [0x00000000eab00000,0x00000000eba80000,0x00000000eba80000)
  from space 3584K, 85% used [0x00000000eba80000,0x00000000ebd7bab8,0x00000000ebe00000)
  to   space 3584K, 0% used [0x00000000ebf80000,0x00000000ebf80000,0x00000000ec300000)
 ParOldGen       total 136704K, used 125812K [0x00000000c0000000, 0x00000000c8580000, 0x00000000eab00000)
  object space 136704K, 92% used [0x00000000c0000000,0x00000000c7add1e0,0x00000000c8580000)
 Metaspace       used 80509K, committed 81856K, reserved 1179648K
  class space    used 7540K, committed 8192K, reserved 1048576K
}
Event: 4261.222 GC heap after
{Heap after GC invocations=8654 (full 176):
 PSYoungGen      total 20992K, used 3436K [0x00000000eab00000, 0x00000000ec300000, 0x0000000100000000)
  eden space 17408K, 0% used [0x00000000eab00000,0x00000000eab00000,0x00000000ebc00000)
  from space 3584K, 95% used [0x00000000ebf80000,0x00000000ec2db398,0x00000000ec300000)
  to   space 3584K, 0% used [0x00000000ebc00000,0x00000000ebc00000,0x00000000ebf80000)
 ParOldGen       total 136704K, used 125980K [0x00000000c0000000, 0x00000000c8580000, 0x00000000eab00000)
  object space 136704K, 92% used [0x00000000c0000000,0x00000000c7b072f0,0x00000000c8580000)
 Metaspace       used 80509K, committed 81856K, reserved 1179648K
  class space    used 7540K, committed 8192K, reserved 1048576K
}

