# JRE version: Java(TM) SE Runtime Environment (20.0+36) (build 20+36-2344)
# Java VM: Java HotSpot(TM) 64-Bit Server VM (20+36-2344, mixed mode, sharing, tiered, compressed oops, compressed class ptrs, parallel gc, windows-amd64)
GC Precious Log:
 CardTable entry size: 512
 CPUs: 4 total, 4 available
 Memory: 3891M
 Large Page Support: Disabled
 NUMA Support: Disabled
 Compressed Oops: Enabled (32-bit)
 Alignments: Space 512K, Generation 512K, Heap 2M
 Heap Min Capacity: 100M
 Heap Initial Capacity: 100M
 Heap Max Capacity: 1G
 Pre-touch: Disabled
 Parallel Workers: 4
Heap:
 PSYoungGen      total 5120K, used 1743K [0x00000000eab00000, 0x00000000eb100000, 0x0000000100000000)
  eden space 4096K, 22% used [0x00000000eab00000,0x00000000eabe8cb8,0x00000000eaf00000)
  from space 1024K, 79% used [0x00000000eb000000,0x00000000eb0cb2d8,0x00000000eb100000)
  to   space 1024K, 0% used [0x00000000eaf00000,0x00000000eaf00000,0x00000000eb000000)
 ParOldGen       total 235008K, used 226110K [0x00000000c0000000, 0x00000000ce580000, 0x00000000eab00000)
  object space 235008K, 96% used [0x00000000c0000000,0x00000000cdccf900,0x00000000ce580000)
 Metaspace       used 59146K, committed 60352K, reserved 1114112K
  class space    used 6013K, committed 6528K, reserved 1048576K
GC Heap History (20 events):
Event: 45.263 GC heap before
{Heap before GC invocations=200 (full 8):
 PSYoungGen      total 2048K, used 1809K [0x00000000eab00000, 0x00000000ead80000, 0x0000000100000000)
  eden space 1536K, 100% used [0x00000000eab00000,0x00000000eac80000,0x00000000eac80000)
  from space 512K, 53% used [0x00000000eac80000,0x00000000eacc47f8,0x00000000ead00000)
  to   space 512K, 0% used [0x00000000ead00000,0x00000000ead00000,0x00000000ead80000)
 ParOldGen       total 235008K, used 221151K [0x00000000c0000000, 0x00000000ce580000, 0x00000000eab00000)
  object space 235008K, 94% used [0x00000000c0000000,0x00000000cd7f7f68,0x00000000ce580000)
 Metaspace       used 59042K, committed 60224K, reserved 1114112K
  class space    used 6003K, committed 6528K, reserved 1048576K
}
Event: 45.266 GC heap after
{Heap after GC invocations=200 (full 8):
 PSYoungGen      total 2048K, used 369K [0x00000000eab00000, 0x00000000eae00000, 0x0000000100000000)
  eden space 1536K, 0% used [0x00000000eab00000,0x00000000eab00000,0x00000000eac80000)
  from space 512K, 72% used [0x00000000ead00000,0x00000000ead5c7f8,0x00000000ead80000)
  to   space 512K, 0% used [0x00000000eac80000,0x00000000eac80000,0x00000000ead00000)
 ParOldGen       total 235008K, used 221295K [0x00000000c0000000, 0x00000000ce580000, 0x00000000eab00000)
  object space 235008K, 94% used [0x00000000c0000000,0x00000000cd81bf68,0x00000000ce580000)
 Metaspace       used 59042K, committed 60224K, reserved 1114112K
  class space    used 6003K, committed 6528K, reserved 1048576K
}
Event: 45.315 GC heap before
{Heap before GC invocations=201 (full 8):
 PSYoungGen      total 2048K, used 1905K [0x00000000eab00000, 0x00000000eae00000, 0x0000000100000000)
  eden space 1536K, 100% used [0x00000000eab00000,0x00000000eac80000,0x00000000eac80000)
  from space 512K, 72% used [0x00000000ead00000,0x00000000ead5c7f8,0x00000000ead80000)
  to   space 512K, 0% used [0x00000000eac80000,0x00000000eac80000,0x00000000ead00000)
 ParOldGen       total 235008K, used 221295K [0x00000000c0000000, 0x00000000ce580000, 0x00000000eab00000)
  object space 235008K, 94% used [0x00000000c0000000,0x00000000cd81bf68,0x00000000ce580000)
 Metaspace       used 59042K, committed 60224K, reserved 1114112K
  class space    used 6003K, committed 6528K, reserved 1048576K
}
Event: 45.319 GC heap after
{Heap after GC invocations=201 (full 8):
 PSYoungGen      total 2048K, used 288K [0x00000000eab00000, 0x00000000eae00000, 0x0000000100000000)
  eden space 1536K, 0% used [0x00000000eab00000,0x00000000eab00000,0x00000000eac80000)
  from space 512K, 56% used [0x00000000eac80000,0x00000000eacc8000,0x00000000ead00000)
  to   space 512K, 0% used [0x00000000ead80000,0x00000000ead80000,0x00000000eae00000)
 ParOldGen       total 235008K, used 221598K [0x00000000c0000000, 0x00000000ce580000, 0x00000000eab00000)
  object space 235008K, 94% used [0x00000000c0000000,0x00000000cd867968,0x00000000ce580000)
 Metaspace       used 59042K, committed 60224K, reserved 1114112K
  class space    used 6003K, committed 6528K, reserved 1048576K
}
Event: 45.362 GC heap before
{Heap before GC invocations=202 (full 8):
 PSYoungGen      total 2048K, used 1824K [0x00000000eab00000, 0x00000000eae00000, 0x0000000100000000)
  eden space 1536K, 100% used [0x00000000eab00000,0x00000000eac80000,0x00000000eac80000)
  from space 512K, 56% used [0x00000000eac80000,0x00000000eacc8000,0x00000000ead00000)
  to   space 512K, 0% used [0x00000000ead80000,0x00000000ead80000,0x00000000eae00000)
 ParOldGen       total 235008K, used 221598K [0x00000000c0000000, 0x00000000ce580000, 0x00000000eab00000)
  object space 235008K, 94% used [0x00000000c0000000,0x00000000cd867968,0x00000000ce580000)
 Metaspace       used 59042K, committed 60224K, reserved 1114112K
  class space    used 6003K, committed 6528K, reserved 1048576K
}
Event: 45.366 GC heap after
{Heap after GC invocations=202 (full 8):
 PSYoungGen      total 2560K, used 352K [0x00000000eab00000, 0x00000000eae00000, 0x0000000100000000)
  eden space 2048K, 0% used [0x00000000eab00000,0x00000000eab00000,0x00000000ead00000)
  from space 512K, 68% used [0x00000000ead80000,0x00000000eadd8000,0x00000000eae00000)
  to   space 512K, 0% used [0x00000000ead00000,0x00000000ead00000,0x00000000ead80000)
 ParOldGen       total 235008K, used 221853K [0x00000000c0000000, 0x00000000ce580000, 0x00000000eab00000)
  object space 235008K, 94% used [0x00000000c0000000,0x00000000cd8a7510,0x00000000ce580000)
 Metaspace       used 59042K, committed 60224K, reserved 1114112K
  class space    used 6003K, committed 6528K, reserved 1048576K
}
Event: 45.385 GC heap before
{Heap before GC invocations=203 (full 8):
 PSYoungGen      total 2560K, used 2400K [0x00000000eab00000, 0x00000000eae00000, 0x0000000100000000)
  eden space 2048K, 100% used [0x00000000eab00000,0x00000000ead00000,0x00000000ead00000)
  from space 512K, 68% used [0x00000000ead80000,0x00000000eadd8000,0x00000000eae00000)
  to   space 512K, 0% used [0x00000000ead00000,0x00000000ead00000,0x00000000ead80000)
 ParOldGen       total 235008K, used 221853K [0x00000000c0000000, 0x00000000ce580000, 0x00000000eab00000)
  object space 235008K, 94% used [0x00000000c0000000,0x00000000cd8a7510,0x00000000ce580000)
 Metaspace       used 59042K, committed 60224K, reserved 1114112K
  class space    used 6003K, committed 6528K, reserved 1048576K
}
Event: 45.390 GC heap after
{Heap after GC invocations=203 (full 8):
 PSYoungGen      total 2560K, used 495K [0x00000000eab00000, 0x00000000eaf80000, 0x0000000100000000)
  eden space 2048K, 0% used [0x00000000eab00000,0x00000000eab00000,0x00000000ead00000)
  from space 512K, 96% used [0x00000000ead00000,0x00000000ead7bed8,0x00000000ead80000)
  to   space 1024K, 0% used [0x00000000eae80000,0x00000000eae80000,0x00000000eaf80000)
 ParOldGen       total 235008K, used 222173K [0x00000000c0000000, 0x00000000ce580000, 0x00000000eab00000)
  object space 235008K, 94% used [0x00000000c0000000,0x00000000cd8f7530,0x00000000ce580000)
 Metaspace       used 59042K, committed 60224K, reserved 1114112K
  class space    used 6003K, committed 6528K, reserved 1048576K
}
Event: 45.412 GC heap before
{Heap before GC invocations=204 (full 8):
 PSYoungGen      total 2560K, used 2543K [0x00000000eab00000, 0x00000000eaf80000, 0x0000000100000000)
  eden space 2048K, 100% used [0x00000000eab00000,0x00000000ead00000,0x00000000ead00000)
  from space 512K, 96% used [0x00000000ead00000,0x00000000ead7bed8,0x00000000ead80000)
  to   space 1024K, 0% used [0x00000000eae80000,0x00000000eae80000,0x00000000eaf80000)
 ParOldGen       total 235008K, used 222173K [0x00000000c0000000, 0x00000000ce580000, 0x00000000eab00000)
  object space 235008K, 94% used [0x00000000c0000000,0x00000000cd8f7530,0x00000000ce580000)
 Metaspace       used 59042K, committed 60224K, reserved 1114112K
  class space    used 6003K, committed 6528K, reserved 1048576K
}
Event: 45.416 GC heap after
{Heap after GC invocations=204 (full 8):
 PSYoungGen      total 3584K, used 699K [0x00000000eab00000, 0x00000000eaf80000, 0x0000000100000000)
  eden space 2560K, 0% used [0x00000000eab00000,0x00000000eab00000,0x00000000ead80000)
  from space 1024K, 68% used [0x00000000eae80000,0x00000000eaf2eda0,0x00000000eaf80000)
  to   space 1024K, 0% used [0x00000000ead80000,0x00000000ead80000,0x00000000eae80000)
 ParOldGen       total 235008K, used 222627K [0x00000000c0000000, 0x00000000ce580000, 0x00000000eab00000)
  object space 235008K, 94% used [0x00000000c0000000,0x00000000cd968d30,0x00000000ce580000)
 Metaspace       used 59042K, committed 60224K, reserved 1114112K
  class space    used 6003K, committed 6528K, reserved 1048576K
}
Event: 45.600 GC heap before
{Heap before GC invocations=205 (full 8):
 PSYoungGen      total 3584K, used 3259K [0x00000000eab00000, 0x00000000eaf80000, 0x0000000100000000)
  eden space 2560K, 100% used [0x00000000eab00000,0x00000000ead80000,0x00000000ead80000)
  from space 1024K, 68% used [0x00000000eae80000,0x00000000eaf2eda0,0x00000000eaf80000)
  to   space 1024K, 0% used [0x00000000ead80000,0x00000000ead80000,0x00000000eae80000)
 ParOldGen       total 235008K, used 222627K [0x00000000c0000000, 0x00000000ce580000, 0x00000000eab00000)
  object space 235008K, 94% used [0x00000000c0000000,0x00000000cd968d30,0x00000000ce580000)
 Metaspace       used 59049K, committed 60224K, reserved 1114112K
  class space    used 6003K, committed 6528K, reserved 1048576K
}
Event: 45.604 GC heap after
{Heap after GC invocations=205 (full 8):
 PSYoungGen      total 3584K, used 549K [0x00000000eab00000, 0x00000000eb000000, 0x0000000100000000)
  eden space 2560K, 0% used [0x00000000eab00000,0x00000000eab00000,0x00000000ead80000)
  from space 1024K, 53% used [0x00000000ead80000,0x00000000eae09720,0x00000000eae80000)
  to   space 1024K, 0% used [0x00000000eaf00000,0x00000000eaf00000,0x00000000eb000000)
 ParOldGen       total 235008K, used 223267K [0x00000000c0000000, 0x00000000ce580000, 0x00000000eab00000)
  object space 235008K, 95% used [0x00000000c0000000,0x00000000cda08f38,0x00000000ce580000)
 Metaspace       used 59049K, committed 60224K, reserved 1114112K
  class space    used 6003K, committed 6528K, reserved 1048576K
}
Event: 45.626 GC heap before
{Heap before GC invocations=206 (full 8):
 PSYoungGen      total 3584K, used 3109K [0x00000000eab00000, 0x00000000eb000000, 0x0000000100000000)
  eden space 2560K, 99% used [0x00000000eab00000,0x00000000ead7fff0,0x00000000ead80000)
  from space 1024K, 53% used [0x00000000ead80000,0x00000000eae09720,0x00000000eae80000)
  to   space 1024K, 0% used [0x00000000eaf00000,0x00000000eaf00000,0x00000000eb000000)
 ParOldGen       total 235008K, used 223267K [0x00000000c0000000, 0x00000000ce580000, 0x00000000eab00000)
  object space 235008K, 95% used [0x00000000c0000000,0x00000000cda08f38,0x00000000ce580000)
 Metaspace       used 59051K, committed 60224K, reserved 1114112K
  class space    used 6003K, committed 6528K, reserved 1048576K
}
Event: 45.629 GC heap after
{Heap after GC invocations=206 (full 8):
 PSYoungGen      total 4096K, used 736K [0x00000000eab00000, 0x00000000eb000000, 0x0000000100000000)
  eden space 3072K, 0% used [0x00000000eab00000,0x00000000eab00000,0x00000000eae00000)
  from space 1024K, 71% used [0x00000000eaf00000,0x00000000eafb80f0,0x00000000eb000000)
  to   space 1024K, 0% used [0x00000000eae00000,0x00000000eae00000,0x00000000eaf00000)
 ParOldGen       total 235008K, used 223748K [0x00000000c0000000, 0x00000000ce580000, 0x00000000eab00000)
  object space 235008K, 95% used [0x00000000c0000000,0x00000000cda812e0,0x00000000ce580000)
 Metaspace       used 59051K, committed 60224K, reserved 1114112K
  class space    used 6003K, committed 6528K, reserved 1048576K
}
Event: 45.669 GC heap before
{Heap before GC invocations=207 (full 8):
 PSYoungGen      total 4096K, used 3808K [0x00000000eab00000, 0x00000000eb000000, 0x0000000100000000)
  eden space 3072K, 100% used [0x00000000eab00000,0x00000000eae00000,0x00000000eae00000)
  from space 1024K, 71% used [0x00000000eaf00000,0x00000000eafb80f0,0x00000000eb000000)
  to   space 1024K, 0% used [0x00000000eae00000,0x00000000eae00000,0x00000000eaf00000)
 ParOldGen       total 235008K, used 223748K [0x00000000c0000000, 0x00000000ce580000, 0x00000000eab00000)
  object space 235008K, 95% used [0x00000000c0000000,0x00000000cda812e0,0x00000000ce580000)
 Metaspace       used 59062K, committed 60224K, reserved 1114112K
  class space    used 6003K, committed 6528K, reserved 1048576K
}
Event: 45.674 GC heap after
{Heap after GC invocations=207 (full 8):
 PSYoungGen      total 4096K, used 628K [0x00000000eab00000, 0x00000000eb100000, 0x0000000100000000)
  eden space 3072K, 0% used [0x00000000eab00000,0x00000000eab00000,0x00000000eae00000)
  from space 1024K, 61% used [0x00000000eae00000,0x00000000eae9d250,0x00000000eaf00000)
  to   space 1024K, 0% used [0x00000000eb000000,0x00000000eb000000,0x00000000eb100000)
 ParOldGen       total 235008K, used 224264K [0x00000000c0000000, 0x00000000ce580000, 0x00000000eab00000)
  object space 235008K, 95% used [0x00000000c0000000,0x00000000cdb022f0,0x00000000ce580000)
 Metaspace       used 59062K, committed 60224K, reserved 1114112K
  class space    used 6003K, committed 6528K, reserved 1048576K
}
Event: 45.760 GC heap before
{Heap before GC invocations=208 (full 8):
 PSYoungGen      total 4096K, used 3700K [0x00000000eab00000, 0x00000000eb100000, 0x0000000100000000)
  eden space 3072K, 100% used [0x00000000eab00000,0x00000000eae00000,0x00000000eae00000)
  from space 1024K, 61% used [0x00000000eae00000,0x00000000eae9d250,0x00000000eaf00000)
  to   space 1024K, 0% used [0x00000000eb000000,0x00000000eb000000,0x00000000eb100000)
 ParOldGen       total 235008K, used 224264K [0x00000000c0000000, 0x00000000ce580000, 0x00000000eab00000)
  object space 235008K, 95% used [0x00000000c0000000,0x00000000cdb022f0,0x00000000ce580000)
 Metaspace       used 59068K, committed 60224K, reserved 1114112K
  class space    used 6003K, committed 6528K, reserved 1048576K
}
Event: 45.764 GC heap after
{Heap after GC invocations=208 (full 8):
 PSYoungGen      total 5120K, used 633K [0x00000000eab00000, 0x00000000eb100000, 0x0000000100000000)
  eden space 4096K, 0% used [0x00000000eab00000,0x00000000eab00000,0x00000000eaf00000)
  from space 1024K, 61% used [0x00000000eb000000,0x00000000eb09e540,0x00000000eb100000)
  to   space 1024K, 0% used [0x00000000eaf00000,0x00000000eaf00000,0x00000000eb000000)
 ParOldGen       total 235008K, used 224738K [0x00000000c0000000, 0x00000000ce580000, 0x00000000eab00000)
  object space 235008K, 95% used [0x00000000c0000000,0x00000000cdb78bc8,0x00000000ce580000)
 Metaspace       used 59068K, committed 60224K, reserved 1114112K
  class space    used 6003K, committed 6528K, reserved 1048576K
}
Event: 45.867 GC heap before
{Heap before GC invocations=209 (full 8):
 PSYoungGen      total 5120K, used 4729K [0x00000000eab00000, 0x00000000eb100000, 0x0000000100000000)
  eden space 4096K, 100% used [0x00000000eab00000,0x00000000eaf00000,0x00000000eaf00000)
  from space 1024K, 61% used [0x00000000eb000000,0x00000000eb09e540,0x00000000eb100000)
  to   space 1024K, 0% used [0x00000000eaf00000,0x00000000eaf00000,0x00000000eb000000)
 ParOldGen       total 235008K, used 224738K [0x00000000c0000000, 0x00000000ce580000, 0x00000000eab00000)
  object space 235008K, 95% used [0x00000000c0000000,0x00000000cdb78bc8,0x00000000ce580000)
 Metaspace       used 59069K, committed 60224K, reserved 1114112K
  class space    used 6003K, committed 6528K, reserved 1048576K
}
Event: 45.872 GC heap after
{Heap after GC invocations=209 (full 8):
 PSYoungGen      total 5120K, used 825K [0x00000000eab00000, 0x00000000eb100000, 0x0000000100000000)
  eden space 4096K, 0% used [0x00000000eab00000,0x00000000eab00000,0x00000000eaf00000)
  from space 1024K, 80% used [0x00000000eaf00000,0x00000000eafce418,0x00000000eb000000)
  to   space 1024K, 0% used [0x00000000eb000000,0x00000000eb000000,0x00000000eb100000)
 ParOldGen       total 235008K, used 225337K [0x00000000c0000000, 0x00000000ce580000, 0x00000000eab00000)
  object space 235008K, 95% used [0x00000000c0000000,0x00000000cdc0e788,0x00000000ce580000)
 Metaspace       used 59069K, committed 60224K, reserved 1114112K
  class space    used 6003K, committed 6528K, reserved 1048576K
}

